<?xml version="1.0" encoding="UTF-8"?>
<!-- Generated by org.testng.reporters.JUnitReportReporter -->
<testsuite hostname="din80016013" failures="0" tests="1" name="MultipleTabs.DownloadFile" time="48.569" errors="0" timestamp="2022-09-09T16:19:37 IST" skipped="0">
  <testcase classname="MultipleTabs.DownloadFile" name="mutlitipletabs" time="48.569"/>
  <system-out/>
</testsuite> <!-- MultipleTabs.DownloadFile -->
