<?xml version="1.0" encoding="UTF-8"?>
<!-- Generated by org.testng.reporters.JUnitReportReporter -->
<testsuite hostname="din80016013" failures="0" tests="1" name="MultipleTabs.SwitchBtwTabs" time="15.902" errors="0" timestamp="2022-09-09T16:37:03 IST" skipped="0">
  <testcase classname="MultipleTabs.SwitchBtwTabs" name="mutlitipletabs" time="15.902"/>
  <system-out/>
</testsuite> <!-- MultipleTabs.SwitchBtwTabs -->
