<?xml version="1.0" encoding="UTF-8"?>
<!-- Generated by org.testng.reporters.JUnitReportReporter -->
<testsuite hostname="din80016013" failures="0" tests="1" name="MultipleTabs.Incognito" time="10.782" errors="0" timestamp="2022-09-09T11:25:14 IST" skipped="0">
  <testcase classname="MultipleTabs.Incognito" name="mutlitipletabs" time="10.782"/>
  <system-out/>
</testsuite> <!-- MultipleTabs.Incognito -->
