<?xml version="1.0" encoding="UTF-8"?>
<!-- Generated by org.testng.reporters.JUnitReportReporter -->
<testsuite hostname="din80016013" failures="0" tests="1" name="Googlesearch.Suggestion" time="13.412" errors="0" timestamp="2023-02-16T15:13:10 IST" skipped="0">
  <testcase classname="Googlesearch.Suggestion" name="searching" time="13.412"/>
  <system-out/>
</testsuite> <!-- Googlesearch.Suggestion -->
