<?xml version="1.0" encoding="UTF-8"?>
<!-- Generated by org.testng.reporters.JUnitReportReporter -->
<testsuite hostname="lin76005087" failures="0" tests="5" name="TestCases.TestRunner" time="10.687" errors="0" timestamp="2024-04-04T21:33:46 IST" skipped="0">
  <testcase classname="TestCases.TestRunner" name="verifyAddProduct" time="1.149"/>
  <testcase classname="TestCases.TestRunner" name="verifyCartPage" time="4.069"/>
  <testcase classname="TestCases.TestRunner" name="addingMultipleProduct" time="1.363"/>
  <testcase classname="TestCases.TestRunner" name="placeOrder" time="2.331"/>
  <testcase classname="TestCases.TestRunner" name="resetAppstate" time="1.775"/>
</testsuite> <!-- TestCases.TestRunner -->
