<?xml version="1.0" encoding="UTF-8"?>
<!-- Generated by org.testng.reporters.JUnitReportReporter -->
<testsuite hostname="lin76005087" failures="0" tests="2" name="testCases.CustomerLoginTest" time="14.667" errors="0" timestamp="2024-04-12T16:57:49 IST" skipped="0">
  <testcase classname="testCases.CustomerLoginTest" name="customerLogin" time="1.941"/>
  <testcase classname="testCases.CustomerLoginTest" name="amountWithdrawal" time="12.726"/>
</testsuite> <!-- testCases.CustomerLoginTest -->
