<?xml version="1.0" encoding="UTF-8"?>
<!-- Generated by org.testng.reporters.JUnitReportReporter -->
<testsuite hostname="lin76005087" failures="0" tests="2" name="testCases.ManagerLoginTest" time="4.078" errors="0" timestamp="2024-04-12T16:57:49 IST" skipped="0">
  <testcase classname="testCases.ManagerLoginTest" name="addCustomer" time="2.204"/>
  <testcase classname="testCases.ManagerLoginTest" name="accountNumberCreation" time="1.874"/>
</testsuite> <!-- testCases.ManagerLoginTest -->
