<?xml version="1.0" encoding="UTF-8"?>
<!-- Generated by org.testng.reporters.JUnitReportReporter -->
<testsuite hostname="lin76005087" failures="0" tests="2" name="testcases.GreenkartRunner" time="2.061" errors="0" timestamp="2024-04-08T12:21:08 IST" skipped="0">
  <testcase classname="testcases.GreenkartRunner" name="logoutFromSite" time="0.221"/>
  <testcase classname="testcases.GreenkartRunner" name="loginToSite" time="1.840"/>
</testsuite> <!-- testcases.GreenkartRunner -->
