<?xml version="1.0" encoding="UTF-8"?>
<!-- Generated by org.testng.reporters.JUnitReportReporter -->
<testsuite hostname="lin76005087" failures="0" tests="5" name="TestCases.TestRunner" time="10.719" errors="0" timestamp="2024-04-17T10:52:36 IST" skipped="0">
  <testcase classname="TestCases.TestRunner" name="verifyAddProduct" time="1.258"/>
  <testcase classname="TestCases.TestRunner" name="verifyCartPage" time="4.132"/>
  <testcase classname="TestCases.TestRunner" name="addingMultipleProduct" time="1.827"/>
  <testcase classname="TestCases.TestRunner" name="placeOrder" time="2.165"/>
  <testcase classname="TestCases.TestRunner" name="resetAppstate" time="1.337"/>
</testsuite> <!-- TestCases.TestRunner -->
