<?xml version="1.0" encoding="UTF-8"?>
<!-- Generated by org.testng.reporters.JUnitReportReporter -->
<testsuite hostname="lin76005087" failures="0" tests="3" name="DynamicJson.LibraryAPI" time="4.436" errors="0" timestamp="2023-10-25T15:53:37 IST" skipped="0">
  <testcase classname="DynamicJson.LibraryAPI" name="addBook" time="0.494"/>
  <testcase classname="DynamicJson.LibraryAPI" name="addBook" time="3.405"/>
  <testcase classname="DynamicJson.LibraryAPI" name="addBook" time="0.537"/>
</testsuite> <!-- DynamicJson.LibraryAPI -->
