<?xml version="1.0" encoding="UTF-8"?>
<!-- Generated by org.testng.reporters.JUnitReportReporter -->
<testsuite hostname="lin76005087" failures="0" tests="3" name="loginScenario.LoginSce" time="14.520" errors="0" timestamp="2024-03-18T13:34:41 IST" skipped="0">
  <testcase classname="loginScenario.LoginSce" name="validUserLogin" time="3.984"/>
  <testcase classname="loginScenario.LoginSce" name="emptyUserLogin" time="6.807"/>
  <testcase classname="loginScenario.LoginSce" name="invalidUserLogin" time="3.729"/>
</testsuite> <!-- loginScenario.LoginSce -->
