<?xml version="1.0" encoding="UTF-8"?>
<!-- Generated by org.testng.reporters.JUnitReportReporter -->
<testsuite hostname="lin76005087" failures="0" tests="9" name="TestCases.TestRunner" time="19.768" errors="0" timestamp="2024-04-03T16:19:08 IST" skipped="0">
  <testcase classname="TestCases.TestRunner" name="verifyAddProduct" time="2.630"/>
  <testcase classname="TestCases.TestRunner" name="verifyCartPage" time="4.317"/>
  <testcase classname="TestCases.TestRunner" name="verifyAddProduct" time="1.227"/>
  <testcase classname="TestCases.TestRunner" name="verifyAddProduct" time="1.631"/>
  <testcase classname="TestCases.TestRunner" name="verifyAddProduct" time="1.421"/>
  <testcase classname="TestCases.TestRunner" name="verifyAddProduct" time="1.470"/>
  <testcase classname="TestCases.TestRunner" name="addingMultipleProduct" time="1.300"/>
  <testcase classname="TestCases.TestRunner" name="placeOrder" time="3.697"/>
  <testcase classname="TestCases.TestRunner" name="resetAppstate" time="2.075"/>
</testsuite> <!-- TestCases.TestRunner -->
